<?xml version="1.0" encoding="UTF-8"?>
<!-- Generated by org.testng.reporters.JUnitReportReporter -->
<testsuite hostname="Maksuda" failures="0" tests="1" name="TestRunner.runMyTests" time="8.371" errors="0" timestamp="2024-11-14T16:58:42 EST" skipped="0">
  <testcase classname="TestRunner.runMyTests" name="runScenario" time="8.371"/>
</testsuite> <!-- TestRunner.runMyTests -->
